The MPI test test_mpi for C in mode normal failed to compile with the following output:
Change Dir: /home/cb76/cb761157/uibk_parallelization_24/code_students/src/CMakeFiles/CMakeTmp

Run Build Command(s):/usr/bin/gmake -f Makefile cmTC_54c49/fast && /usr/bin/gmake  -f CMakeFiles/cmTC_54c49.dir/build.make CMakeFiles/cmTC_54c49.dir/build
gmake[1]: Entering directory '/home/cb76/cb761157/uibk_parallelization_24/code_students/src/CMakeFiles/CMakeTmp'
Building C object CMakeFiles/cmTC_54c49.dir/test_mpi.c.o
/usr/bin/cc    -o CMakeFiles/cmTC_54c49.dir/test_mpi.c.o -c /usr/share/cmake/Modules/FindMPI/test_mpi.c
/usr/share/cmake/Modules/FindMPI/test_mpi.c:1:10: fatal error: mpi.h: No such file or directory
 #include <mpi.h>
          ^~~~~~~
compilation terminated.
gmake[1]: *** [CMakeFiles/cmTC_54c49.dir/build.make:78: CMakeFiles/cmTC_54c49.dir/test_mpi.c.o] Error 1
gmake[1]: Leaving directory '/home/cb76/cb761157/uibk_parallelization_24/code_students/src/CMakeFiles/CMakeTmp'
gmake: *** [Makefile:127: cmTC_54c49/fast] Error 2



The MPI test test_mpi for CXX in mode normal failed to compile with the following output:
Change Dir: /home/cb76/cb761157/uibk_parallelization_24/code_students/src/CMakeFiles/CMakeTmp

Run Build Command(s):/usr/bin/gmake -f Makefile cmTC_b7c37/fast && /usr/bin/gmake  -f CMakeFiles/cmTC_b7c37.dir/build.make CMakeFiles/cmTC_b7c37.dir/build
gmake[1]: Entering directory '/home/cb76/cb761157/uibk_parallelization_24/code_students/src/CMakeFiles/CMakeTmp'
Building CXX object CMakeFiles/cmTC_b7c37.dir/test_mpi.cpp.o
/usr/bin/c++   -Wall -Wextra -pedantic  -std=gnu++17 -o CMakeFiles/cmTC_b7c37.dir/test_mpi.cpp.o -c /home/cb76/cb761157/uibk_parallelization_24/code_students/src/CMakeFiles/FindMPI/test_mpi.cpp
/home/cb76/cb761157/uibk_parallelization_24/code_students/src/CMakeFiles/FindMPI/test_mpi.cpp:1:10: fatal error: mpi.h: No such file or directory
 #include <mpi.h>
          ^~~~~~~
compilation terminated.
gmake[1]: *** [CMakeFiles/cmTC_b7c37.dir/build.make:78: CMakeFiles/cmTC_b7c37.dir/test_mpi.cpp.o] Error 1
gmake[1]: Leaving directory '/home/cb76/cb761157/uibk_parallelization_24/code_students/src/CMakeFiles/CMakeTmp'
gmake: *** [Makefile:127: cmTC_b7c37/fast] Error 2



